{"C:\\Users\\ADMIN_R\\webhook-task-pipeline\\src\\controllers\\job.controller.ts": {"path":"C:\\Users\\ADMIN_R\\webhook-task-pipeline\\src\\controllers\\job.controller.ts","statementMap":{"0":{"start":{"line":9,"column":2},"end":{"line":14,"column":null}},"1":{"start":{"line":10,"column":17},"end":{"line":10,"column":35}},"2":{"start":{"line":11,"column":4},"end":{"line":11,"column":null}},"3":{"start":{"line":13,"column":4},"end":{"line":13,"column":null}},"4":{"start":{"line":14,"column":4},"end":{"line":14,"column":null}},"5":{"start":{"line":22,"column":2},"end":{"line":32,"column":null}},"6":{"start":{"line":23,"column":16},"end":{"line":23,"column":47}},"7":{"start":{"line":25,"column":4},"end":{"line":26,"column":null}},"8":{"start":{"line":26,"column":6},"end":{"line":26,"column":null}},"9":{"start":{"line":29,"column":4},"end":{"line":29,"column":null}},"10":{"start":{"line":31,"column":4},"end":{"line":31,"column":null}},"11":{"start":{"line":32,"column":4},"end":{"line":32,"column":null}}},"fnMap":{"0":{"name":"getAllJobsHandler","decl":{"start":{"line":8,"column":22},"end":{"line":8,"column":40}},"loc":{"start":{"line":8,"column":70},"end":{"line":14,"column":null}},"line":8},"1":{"name":"getJobByIdHandler","decl":{"start":{"line":18,"column":22},"end":{"line":18,"column":null}},"loc":{"start":{"line":21,"column":2},"end":{"line":32,"column":null}},"line":21}},"branchMap":{"0":{"loc":{"start":{"line":25,"column":4},"end":{"line":26,"column":null}},"type":"if","locations":[{"start":{"line":25,"column":4},"end":{"line":26,"column":null}},{"start":{},"end":{}}],"line":25}},"s":{"0":1,"1":1,"2":0,"3":1,"4":1,"5":2,"6":2,"7":1,"8":1,"9":0,"10":1,"11":1},"f":{"0":1,"1":2},"b":{"0":[1,0]},"meta":{"lastBranch":1,"lastFunction":2,"lastStatement":12,"seen":{"f:8:22:8:40":0,"s:9:2:14:Infinity":0,"s:10:17:10:35":1,"s:11:4:11:Infinity":2,"s:13:4:13:Infinity":3,"s:14:4:14:Infinity":4,"f:18:22:18:Infinity":1,"s:22:2:32:Infinity":5,"s:23:16:23:47":6,"b:25:4:26:Infinity:undefined:undefined:undefined:undefined":0,"s:25:4:26:Infinity":7,"s:26:6:26:Infinity":8,"s:29:4:29:Infinity":9,"s:31:4:31:Infinity":10,"s:32:4:32:Infinity":11}}}
,"C:\\Users\\ADMIN_R\\webhook-task-pipeline\\src\\controllers\\pipeline.controller.ts": {"path":"C:\\Users\\ADMIN_R\\webhook-task-pipeline\\src\\controllers\\pipeline.controller.ts","statementMap":{"0":{"start":{"line":16,"column":2},"end":{"line":31,"column":null}},"1":{"start":{"line":17,"column":19},"end":{"line":17,"column":59}},"2":{"start":{"line":19,"column":4},"end":{"line":23,"column":null}},"3":{"start":{"line":20,"column":6},"end":{"line":23,"column":null}},"4":{"start":{"line":26,"column":21},"end":{"line":26,"column":54}},"5":{"start":{"line":28,"column":4},"end":{"line":28,"column":null}},"6":{"start":{"line":30,"column":4},"end":{"line":30,"column":null}},"7":{"start":{"line":31,"column":4},"end":{"line":31,"column":null}},"8":{"start":{"line":36,"column":2},"end":{"line":41,"column":null}},"9":{"start":{"line":37,"column":22},"end":{"line":37,"column":45}},"10":{"start":{"line":38,"column":4},"end":{"line":38,"column":null}},"11":{"start":{"line":40,"column":4},"end":{"line":40,"column":null}},"12":{"start":{"line":41,"column":4},"end":{"line":41,"column":null}},"13":{"start":{"line":49,"column":2},"end":{"line":59,"column":null}},"14":{"start":{"line":50,"column":21},"end":{"line":50,"column":57}},"15":{"start":{"line":52,"column":4},"end":{"line":53,"column":null}},"16":{"start":{"line":53,"column":6},"end":{"line":53,"column":null}},"17":{"start":{"line":56,"column":4},"end":{"line":56,"column":null}},"18":{"start":{"line":58,"column":4},"end":{"line":58,"column":null}},"19":{"start":{"line":59,"column":4},"end":{"line":59,"column":null}},"20":{"start":{"line":67,"column":2},"end":{"line":86,"column":null}},"21":{"start":{"line":68,"column":19},"end":{"line":68,"column":59}},"22":{"start":{"line":70,"column":4},"end":{"line":74,"column":null}},"23":{"start":{"line":71,"column":6},"end":{"line":74,"column":null}},"24":{"start":{"line":77,"column":21},"end":{"line":77,"column":69}},"25":{"start":{"line":79,"column":4},"end":{"line":80,"column":null}},"26":{"start":{"line":80,"column":6},"end":{"line":80,"column":null}},"27":{"start":{"line":83,"column":4},"end":{"line":83,"column":null}},"28":{"start":{"line":85,"column":4},"end":{"line":85,"column":null}},"29":{"start":{"line":86,"column":4},"end":{"line":86,"column":null}},"30":{"start":{"line":94,"column":2},"end":{"line":104,"column":null}},"31":{"start":{"line":95,"column":19},"end":{"line":95,"column":54}},"32":{"start":{"line":97,"column":4},"end":{"line":98,"column":null}},"33":{"start":{"line":98,"column":6},"end":{"line":98,"column":null}},"34":{"start":{"line":101,"column":4},"end":{"line":101,"column":null}},"35":{"start":{"line":103,"column":4},"end":{"line":103,"column":null}},"36":{"start":{"line":104,"column":4},"end":{"line":104,"column":null}}},"fnMap":{"0":{"name":"createPipelineHandler","decl":{"start":{"line":15,"column":22},"end":{"line":15,"column":44}},"loc":{"start":{"line":15,"column":73},"end":{"line":31,"column":null}},"line":15},"1":{"name":"getAllPipelinesHandler","decl":{"start":{"line":35,"column":22},"end":{"line":35,"column":45}},"loc":{"start":{"line":35,"column":75},"end":{"line":41,"column":null}},"line":35},"2":{"name":"getPipelineByIdHandler","decl":{"start":{"line":45,"column":22},"end":{"line":45,"column":null}},"loc":{"start":{"line":48,"column":2},"end":{"line":59,"column":null}},"line":48},"3":{"name":"updatePipelineHandler","decl":{"start":{"line":63,"column":22},"end":{"line":63,"column":null}},"loc":{"start":{"line":66,"column":2},"end":{"line":86,"column":null}},"line":66},"4":{"name":"deletePipelineHandler","decl":{"start":{"line":90,"column":22},"end":{"line":90,"column":null}},"loc":{"start":{"line":93,"column":2},"end":{"line":104,"column":null}},"line":93}},"branchMap":{"0":{"loc":{"start":{"line":19,"column":4},"end":{"line":23,"column":null}},"type":"if","locations":[{"start":{"line":19,"column":4},"end":{"line":23,"column":null}},{"start":{},"end":{}}],"line":19},"1":{"loc":{"start":{"line":52,"column":4},"end":{"line":53,"column":null}},"type":"if","locations":[{"start":{"line":52,"column":4},"end":{"line":53,"column":null}},{"start":{},"end":{}}],"line":52},"2":{"loc":{"start":{"line":70,"column":4},"end":{"line":74,"column":null}},"type":"if","locations":[{"start":{"line":70,"column":4},"end":{"line":74,"column":null}},{"start":{},"end":{}}],"line":70},"3":{"loc":{"start":{"line":79,"column":4},"end":{"line":80,"column":null}},"type":"if","locations":[{"start":{"line":79,"column":4},"end":{"line":80,"column":null}},{"start":{},"end":{}}],"line":79},"4":{"loc":{"start":{"line":97,"column":4},"end":{"line":98,"column":null}},"type":"if","locations":[{"start":{"line":97,"column":4},"end":{"line":98,"column":null}},{"start":{},"end":{}}],"line":97}},"s":{"0":2,"1":2,"2":2,"3":1,"4":1,"5":0,"6":1,"7":1,"8":1,"9":1,"10":0,"11":1,"12":1,"13":2,"14":2,"15":1,"16":1,"17":0,"18":1,"19":1,"20":3,"21":3,"22":3,"23":1,"24":2,"25":1,"26":1,"27":0,"28":1,"29":1,"30":2,"31":2,"32":1,"33":1,"34":0,"35":1,"36":1},"f":{"0":2,"1":1,"2":2,"3":3,"4":2},"b":{"0":[1,1],"1":[1,0],"2":[1,2],"3":[1,0],"4":[1,0]},"meta":{"lastBranch":5,"lastFunction":5,"lastStatement":37,"seen":{"f:15:22:15:44":0,"s:16:2:31:Infinity":0,"s:17:19:17:59":1,"b:19:4:23:Infinity:undefined:undefined:undefined:undefined":0,"s:19:4:23:Infinity":2,"s:20:6:23:Infinity":3,"s:26:21:26:54":4,"s:28:4:28:Infinity":5,"s:30:4:30:Infinity":6,"s:31:4:31:Infinity":7,"f:35:22:35:45":1,"s:36:2:41:Infinity":8,"s:37:22:37:45":9,"s:38:4:38:Infinity":10,"s:40:4:40:Infinity":11,"s:41:4:41:Infinity":12,"f:45:22:45:Infinity":2,"s:49:2:59:Infinity":13,"s:50:21:50:57":14,"b:52:4:53:Infinity:undefined:undefined:undefined:undefined":1,"s:52:4:53:Infinity":15,"s:53:6:53:Infinity":16,"s:56:4:56:Infinity":17,"s:58:4:58:Infinity":18,"s:59:4:59:Infinity":19,"f:63:22:63:Infinity":3,"s:67:2:86:Infinity":20,"s:68:19:68:59":21,"b:70:4:74:Infinity:undefined:undefined:undefined:undefined":2,"s:70:4:74:Infinity":22,"s:71:6:74:Infinity":23,"s:77:21:77:69":24,"b:79:4:80:Infinity:undefined:undefined:undefined:undefined":3,"s:79:4:80:Infinity":25,"s:80:6:80:Infinity":26,"s:83:4:83:Infinity":27,"s:85:4:85:Infinity":28,"s:86:4:86:Infinity":29,"f:90:22:90:Infinity":4,"s:94:2:104:Infinity":30,"s:95:19:95:54":31,"b:97:4:98:Infinity:undefined:undefined:undefined:undefined":4,"s:97:4:98:Infinity":32,"s:98:6:98:Infinity":33,"s:101:4:101:Infinity":34,"s:103:4:103:Infinity":35,"s:104:4:104:Infinity":36}}}
,"C:\\Users\\ADMIN_R\\webhook-task-pipeline\\src\\controllers\\webhook.controller.ts": {"path":"C:\\Users\\ADMIN_R\\webhook-task-pipeline\\src\\controllers\\webhook.controller.ts","statementMap":{"0":{"start":{"line":12,"column":2},"end":{"line":30,"column":null}},"1":{"start":{"line":13,"column":19},"end":{"line":17,"column":6}},"2":{"start":{"line":19,"column":4},"end":{"line":22,"column":null}},"3":{"start":{"line":20,"column":6},"end":{"line":22,"column":null}},"4":{"start":{"line":25,"column":4},"end":{"line":25,"column":null}},"5":{"start":{"line":27,"column":4},"end":{"line":27,"column":null}},"6":{"start":{"line":28,"column":4},"end":{"line":30,"column":null}}},"fnMap":{"0":{"name":"receiveWebhookHandler","decl":{"start":{"line":8,"column":22},"end":{"line":8,"column":null}},"loc":{"start":{"line":11,"column":2},"end":{"line":30,"column":null}},"line":11}},"branchMap":{"0":{"loc":{"start":{"line":19,"column":4},"end":{"line":22,"column":null}},"type":"if","locations":[{"start":{"line":19,"column":4},"end":{"line":22,"column":null}},{"start":{},"end":{}}],"line":19}},"s":{"0":2,"1":2,"2":1,"3":1,"4":0,"5":1,"6":1},"f":{"0":2},"b":{"0":[1,0]},"meta":{"lastBranch":1,"lastFunction":1,"lastStatement":7,"seen":{"f:8:22:8:Infinity":0,"s:12:2:30:Infinity":0,"s:13:19:17:6":1,"b:19:4:22:Infinity:undefined:undefined:undefined:undefined":0,"s:19:4:22:Infinity":2,"s:20:6:22:Infinity":3,"s:25:4:25:Infinity":4,"s:27:4:27:Infinity":5,"s:28:4:30:Infinity":6}}}
,"C:\\Users\\ADMIN_R\\webhook-task-pipeline\\src\\processors\\add-metadata.processor.ts": {"path":"C:\\Users\\ADMIN_R\\webhook-task-pipeline\\src\\processors\\add-metadata.processor.ts","statementMap":{"0":{"start":{"line":8,"column":2},"end":{"line":15,"column":null}}},"fnMap":{"0":{"name":"addMetadataProcessor","decl":{"start":{"line":1,"column":16},"end":{"line":1,"column":null}},"loc":{"start":{"line":7,"column":2},"end":{"line":15,"column":null}},"line":7}},"branchMap":{},"s":{"0":0},"f":{"0":0},"b":{},"meta":{"lastBranch":0,"lastFunction":1,"lastStatement":1,"seen":{"f:1:16:1:Infinity":0,"s:8:2:15:Infinity":0}}}
,"C:\\Users\\ADMIN_R\\webhook-task-pipeline\\src\\processors\\extract-fields.processor.ts": {"path":"C:\\Users\\ADMIN_R\\webhook-task-pipeline\\src\\processors\\extract-fields.processor.ts","statementMap":{"0":{"start":{"line":5,"column":17},"end":{"line":5,"column":66}},"1":{"start":{"line":6,"column":42},"end":{"line":6,"column":44}},"2":{"start":{"line":8,"column":2},"end":{"line":10,"column":null}},"3":{"start":{"line":9,"column":4},"end":{"line":10,"column":null}},"4":{"start":{"line":10,"column":6},"end":{"line":10,"column":null}},"5":{"start":{"line":14,"column":2},"end":{"line":14,"column":null}}},"fnMap":{"0":{"name":"extractFieldsProcessor","decl":{"start":{"line":1,"column":16},"end":{"line":1,"column":null}},"loc":{"start":{"line":4,"column":2},"end":{"line":14,"column":null}},"line":4}},"branchMap":{"0":{"loc":{"start":{"line":5,"column":17},"end":{"line":5,"column":66}},"type":"cond-expr","locations":[{"start":{"line":5,"column":48},"end":{"line":5,"column":64}},{"start":{"line":5,"column":64},"end":{"line":5,"column":66}}],"line":5},"1":{"loc":{"start":{"line":9,"column":4},"end":{"line":10,"column":null}},"type":"if","locations":[{"start":{"line":9,"column":4},"end":{"line":10,"column":null}},{"start":{},"end":{}}],"line":9},"2":{"loc":{"start":{"line":9,"column":8},"end":{"line":9,"column":55}},"type":"binary-expr","locations":[{"start":{"line":9,"column":8},"end":{"line":9,"column":37}},{"start":{"line":9,"column":37},"end":{"line":9,"column":55}}],"line":9}},"s":{"0":1,"1":1,"2":1,"3":0,"4":0,"5":1},"f":{"0":1},"b":{"0":[0,1],"1":[0,0],"2":[0,0]},"meta":{"lastBranch":3,"lastFunction":1,"lastStatement":6,"seen":{"f:1:16:1:Infinity":0,"s:5:17:5:66":0,"b:5:48:5:64:5:64:5:66":0,"s:6:42:6:44":1,"s:8:2:10:Infinity":2,"b:9:4:10:Infinity:undefined:undefined:undefined:undefined":1,"s:9:4:10:Infinity":3,"b:9:8:9:37:9:37:9:55":2,"s:10:6:10:Infinity":4,"s:14:2:14:Infinity":5}}}
,"C:\\Users\\ADMIN_R\\webhook-task-pipeline\\src\\processors\\index.ts": {"path":"C:\\Users\\ADMIN_R\\webhook-task-pipeline\\src\\processors\\index.ts","statementMap":{},"fnMap":{},"branchMap":{},"s":{},"f":{},"b":{},"meta":{"lastBranch":0,"lastFunction":0,"lastStatement":0,"seen":{}}}
,"C:\\Users\\ADMIN_R\\webhook-task-pipeline\\src\\processors\\uppercase.processor.ts": {"path":"C:\\Users\\ADMIN_R\\webhook-task-pipeline\\src\\processors\\uppercase.processor.ts","statementMap":{"0":{"start":{"line":2,"column":15},"end":{"line":2,"column":null}},"1":{"start":{"line":4,"column":2},"end":{"line":6,"column":null}}},"fnMap":{"0":{"name":"uppercaseProcessor","decl":{"start":{"line":1,"column":16},"end":{"line":1,"column":35}},"loc":{"start":{"line":1,"column":69},"end":{"line":6,"column":null}},"line":1}},"branchMap":{"0":{"loc":{"start":{"line":2,"column":15},"end":{"line":2,"column":null}},"type":"cond-expr","locations":[{"start":{"line":2,"column":50},"end":{"line":2,"column":65}},{"start":{"line":2,"column":65},"end":{"line":2,"column":null}}],"line":2}},"s":{"0":1,"1":1},"f":{"0":1},"b":{"0":[0,1]},"meta":{"lastBranch":1,"lastFunction":1,"lastStatement":2,"seen":{"f:1:16:1:35":0,"s:2:15:2:Infinity":0,"b:2:50:2:65:2:65:2:Infinity":0,"s:4:2:6:Infinity":1}}}
,"C:\\Users\\ADMIN_R\\webhook-task-pipeline\\src\\services\\delivery.service.ts": {"path":"C:\\Users\\ADMIN_R\\webhook-task-pipeline\\src\\services\\delivery.service.ts","statementMap":{"0":{"start":{"line":16,"column":30},"end":{"line":16,"column":null}},"1":{"start":{"line":17,"column":24},"end":{"line":17,"column":null}},"2":{"start":{"line":20,"column":2},"end":{"line":20,"column":null}},"3":{"start":{"line":20,"column":34},"end":{"line":20,"column":57}},"4":{"start":{"line":26,"column":40},"end":{"line":26,"column":null}},"5":{"start":{"line":28,"column":2},"end":{"line":97,"column":null}},"6":{"start":{"line":28,"column":21},"end":{"line":28,"column":24}},"7":{"start":{"line":29,"column":4},"end":{"line":93,"column":null}},"8":{"start":{"line":30,"column":23},"end":{"line":36,"column":8}},"9":{"start":{"line":35,"column":30},"end":{"line":35,"column":null}},"10":{"start":{"line":38,"column":24},"end":{"line":38,"column":null}},"11":{"start":{"line":39,"column":26},"end":{"line":39,"column":null}},"12":{"start":{"line":41,"column":6},"end":{"line":56,"column":null}},"13":{"start":{"line":58,"column":6},"end":{"line":62,"column":null}},"14":{"start":{"line":59,"column":8},"end":{"line":62,"column":null}},"15":{"start":{"line":65,"column":6},"end":{"line":65,"column":null}},"16":{"start":{"line":67,"column":6},"end":{"line":71,"column":null}},"17":{"start":{"line":68,"column":8},"end":{"line":71,"column":null}},"18":{"start":{"line":75,"column":8},"end":{"line":75,"column":null}},"19":{"start":{"line":77,"column":6},"end":{"line":77,"column":null}},"20":{"start":{"line":79,"column":6},"end":{"line":87,"column":null}},"21":{"start":{"line":89,"column":6},"end":{"line":93,"column":null}},"22":{"start":{"line":90,"column":8},"end":{"line":93,"column":null}},"23":{"start":{"line":97,"column":4},"end":{"line":97,"column":null}},"24":{"start":{"line":100,"column":2},"end":{"line":103,"column":null}},"25":{"start":{"line":111,"column":22},"end":{"line":116,"column":4}},"26":{"start":{"line":118,"column":2},"end":{"line":123,"column":null}},"27":{"start":{"line":119,"column":4},"end":{"line":123,"column":null}},"28":{"start":{"line":126,"column":21},"end":{"line":126,"column":null}},"29":{"start":{"line":127,"column":20},"end":{"line":127,"column":null}},"30":{"start":{"line":129,"column":2},"end":{"line":140,"column":null}},"31":{"start":{"line":130,"column":19},"end":{"line":135,"column":6}},"32":{"start":{"line":137,"column":4},"end":{"line":140,"column":null}},"33":{"start":{"line":138,"column":6},"end":{"line":138,"column":null}},"34":{"start":{"line":140,"column":6},"end":{"line":140,"column":null}},"35":{"start":{"line":144,"column":2},"end":{"line":148,"column":null}}},"fnMap":{"0":{"name":"sleep","decl":{"start":{"line":19,"column":9},"end":{"line":19,"column":15}},"loc":{"start":{"line":19,"column":27},"end":{"line":20,"column":null}},"line":19},"1":{"name":"(anonymous_1)","decl":{"start":{"line":20,"column":13},"end":{"line":20,"column":22}},"loc":{"start":{"line":20,"column":34},"end":{"line":20,"column":57}},"line":20},"2":{"name":"deliverToSubscriber","decl":{"start":{"line":23,"column":22},"end":{"line":23,"column":null}},"loc":{"start":{"line":25,"column":27},"end":{"line":103,"column":null}},"line":25},"3":{"name":"(anonymous_3)","decl":{"start":{"line":35,"column":8},"end":{"line":35,"column":30}},"loc":{"start":{"line":35,"column":30},"end":{"line":35,"column":null}},"line":35},"4":{"name":"deliverToSubscribers","decl":{"start":{"line":106,"column":22},"end":{"line":106,"column":43}},"loc":{"start":{"line":110,"column":3},"end":{"line":148,"column":null}},"line":110}},"branchMap":{"0":{"loc":{"start":{"line":38,"column":24},"end":{"line":38,"column":null}},"type":"binary-expr","locations":[{"start":{"line":38,"column":24},"end":{"line":38,"column":50}},{"start":{"line":38,"column":50},"end":{"line":38,"column":null}}],"line":38},"1":{"loc":{"start":{"line":39,"column":26},"end":{"line":39,"column":null}},"type":"binary-expr","locations":[{"start":{"line":39,"column":26},"end":{"line":39,"column":52}},{"start":{"line":39,"column":52},"end":{"line":39,"column":null}}],"line":39},"2":{"loc":{"start":{"line":46,"column":18},"end":{"line":46,"column":null}},"type":"cond-expr","locations":[{"start":{"line":46,"column":30},"end":{"line":46,"column":42}},{"start":{"line":46,"column":42},"end":{"line":46,"column":null}}],"line":46},"3":{"loc":{"start":{"line":49,"column":12},"end":{"line":51,"column":45}},"type":"cond-expr","locations":[{"start":{"line":50,"column":16},"end":{"line":50,"column":null}},{"start":{"line":51,"column":16},"end":{"line":51,"column":45}}],"line":49},"4":{"loc":{"start":{"line":52,"column":24},"end":{"line":54,"column":null}},"type":"cond-expr","locations":[{"start":{"line":53,"column":14},"end":{"line":53,"column":null}},{"start":{"line":54,"column":14},"end":{"line":54,"column":null}}],"line":52},"5":{"loc":{"start":{"line":58,"column":6},"end":{"line":62,"column":null}},"type":"if","locations":[{"start":{"line":58,"column":6},"end":{"line":62,"column":null}},{"start":{},"end":{}}],"line":58},"6":{"loc":{"start":{"line":67,"column":6},"end":{"line":71,"column":null}},"type":"if","locations":[{"start":{"line":67,"column":6},"end":{"line":71,"column":null}},{"start":{},"end":{}}],"line":67},"7":{"loc":{"start":{"line":67,"column":10},"end":{"line":67,"column":61}},"type":"binary-expr","locations":[{"start":{"line":67,"column":10},"end":{"line":67,"column":26}},{"start":{"line":67,"column":26},"end":{"line":67,"column":61}}],"line":67},"8":{"loc":{"start":{"line":75,"column":8},"end":{"line":75,"column":null}},"type":"cond-expr","locations":[{"start":{"line":75,"column":33},"end":{"line":75,"column":49}},{"start":{"line":75,"column":49},"end":{"line":75,"column":null}}],"line":75},"9":{"loc":{"start":{"line":89,"column":6},"end":{"line":93,"column":null}},"type":"if","locations":[{"start":{"line":89,"column":6},"end":{"line":93,"column":null}},{"start":{},"end":{}}],"line":89},"10":{"loc":{"start":{"line":97,"column":16},"end":{"line":97,"column":53}},"type":"binary-expr","locations":[{"start":{"line":97,"column":16},"end":{"line":97,"column":48}},{"start":{"line":97,"column":48},"end":{"line":97,"column":53}}],"line":97},"11":{"loc":{"start":{"line":118,"column":2},"end":{"line":123,"column":null}},"type":"if","locations":[{"start":{"line":118,"column":2},"end":{"line":123,"column":null}},{"start":{},"end":{}}],"line":118},"12":{"loc":{"start":{"line":137,"column":4},"end":{"line":140,"column":null}},"type":"if","locations":[{"start":{"line":137,"column":4},"end":{"line":140,"column":null}},{"start":{"line":139,"column":11},"end":{"line":140,"column":null}}],"line":137}},"s":{"0":1,"1":1,"2":4,"3":4,"4":6,"5":6,"6":6,"7":10,"8":10,"9":0,"10":9,"11":10,"12":10,"13":9,"14":3,"15":6,"16":6,"17":3,"18":1,"19":1,"20":1,"21":1,"22":0,"23":4,"24":4,"25":2,"26":2,"27":1,"28":1,"29":1,"30":1,"31":2,"32":2,"33":1,"34":1,"35":1},"f":{"0":4,"1":4,"2":6,"3":0,"4":2},"b":{"0":[9,9],"1":[10,6],"2":[3,6],"3":[6,3],"4":[3,6],"5":[3,6],"6":[3,3],"7":[6,4],"8":[1,0],"9":[0,1],"10":[4,0],"11":[1,1],"12":[1,1]},"meta":{"lastBranch":13,"lastFunction":5,"lastStatement":36,"seen":{"s:16:30:16:Infinity":0,"s:17:24:17:Infinity":1,"f:19:9:19:15":0,"s:20:2:20:Infinity":2,"f:20:13:20:22":1,"s:20:34:20:57":3,"f:23:22:23:Infinity":2,"s:26:40:26:Infinity":4,"s:28:2:97:Infinity":5,"s:28:21:28:24":6,"s:29:4:93:Infinity":7,"s:30:23:36:8":8,"f:35:8:35:30":3,"s:35:30:35:Infinity":9,"s:38:24:38:Infinity":10,"b:38:24:38:50:38:50:38:Infinity":0,"s:39:26:39:Infinity":11,"b:39:26:39:52:39:52:39:Infinity":1,"s:41:6:56:Infinity":12,"b:46:30:46:42:46:42:46:Infinity":2,"b:50:16:50:Infinity:51:16:51:45":3,"b:53:14:53:Infinity:54:14:54:Infinity":4,"b:58:6:62:Infinity:undefined:undefined:undefined:undefined":5,"s:58:6:62:Infinity":13,"s:59:8:62:Infinity":14,"s:65:6:65:Infinity":15,"b:67:6:71:Infinity:undefined:undefined:undefined:undefined":6,"s:67:6:71:Infinity":16,"b:67:10:67:26:67:26:67:61":7,"s:68:8:71:Infinity":17,"s:75:8:75:Infinity":18,"b:75:33:75:49:75:49:75:Infinity":8,"s:77:6:77:Infinity":19,"s:79:6:87:Infinity":20,"b:89:6:93:Infinity:undefined:undefined:undefined:undefined":9,"s:89:6:93:Infinity":21,"s:90:8:93:Infinity":22,"s:97:4:97:Infinity":23,"b:97:16:97:48:97:48:97:53":10,"s:100:2:103:Infinity":24,"f:106:22:106:43":4,"s:111:22:116:4":25,"b:118:2:123:Infinity:undefined:undefined:undefined:undefined":11,"s:118:2:123:Infinity":26,"s:119:4:123:Infinity":27,"s:126:21:126:Infinity":28,"s:127:20:127:Infinity":29,"s:129:2:140:Infinity":30,"s:130:19:135:6":31,"b:137:4:140:Infinity:139:11:140:Infinity":12,"s:137:4:140:Infinity":32,"s:138:6:138:Infinity":33,"s:140:6:140:Infinity":34,"s:144:2:148:Infinity":35}}}
,"C:\\Users\\ADMIN_R\\webhook-task-pipeline\\src\\services\\processing.service.ts": {"path":"C:\\Users\\ADMIN_R\\webhook-task-pipeline\\src\\services\\processing.service.ts","statementMap":{"0":{"start":{"line":16,"column":2},"end":{"line":30,"column":null}},"1":{"start":{"line":18,"column":6},"end":{"line":18,"column":null}},"2":{"start":{"line":21,"column":6},"end":{"line":21,"column":null}},"3":{"start":{"line":24,"column":6},"end":{"line":27,"column":null}},"4":{"start":{"line":30,"column":6},"end":{"line":30,"column":null}}},"fnMap":{"0":{"name":"processPayload","decl":{"start":{"line":15,"column":16},"end":{"line":15,"column":31}},"loc":{"start":{"line":15,"column":52},"end":{"line":30,"column":null}},"line":15}},"branchMap":{"0":{"loc":{"start":{"line":16,"column":2},"end":{"line":30,"column":null}},"type":"switch","locations":[{"start":{"line":17,"column":4},"end":{"line":18,"column":null}},{"start":{"line":20,"column":4},"end":{"line":21,"column":null}},{"start":{"line":23,"column":4},"end":{"line":27,"column":null}},{"start":{"line":29,"column":4},"end":{"line":30,"column":null}}],"line":16}},"s":{"0":3,"1":1,"2":1,"3":0,"4":1},"f":{"0":3},"b":{"0":[1,1,0,1]},"meta":{"lastBranch":1,"lastFunction":1,"lastStatement":5,"seen":{"f:15:16:15:31":0,"b:17:4:18:Infinity:20:4:21:Infinity:23:4:27:Infinity:29:4:30:Infinity":0,"s:16:2:30:Infinity":0,"s:18:6:18:Infinity":1,"s:21:6:21:Infinity":2,"s:24:6:27:Infinity":3,"s:30:6:30:Infinity":4}}}
,"C:\\Users\\ADMIN_R\\webhook-task-pipeline\\src\\types\\pipeline.ts": {"path":"C:\\Users\\ADMIN_R\\webhook-task-pipeline\\src\\types\\pipeline.ts","statementMap":{"0":{"start":{"line":3,"column":32},"end":{"line":5,"column":2}},"1":{"start":{"line":7,"column":36},"end":{"line":12,"column":2}},"2":{"start":{"line":14,"column":36},"end":{"line":19,"column":2}}},"fnMap":{},"branchMap":{},"s":{"0":1,"1":1,"2":1},"f":{},"b":{},"meta":{"lastBranch":0,"lastFunction":0,"lastStatement":3,"seen":{"s:3:32:5:2":0,"s:7:36:12:2":1,"s:14:36:19:2":2}}}
}
